#
# There is insufficient memory for the Java Runtime Environment to continue.
# Native memory allocation (malloc) failed to allocate 2097152 bytes for AllocateHeap
# Possible reasons:
#   The system is out of physical RAM or swap space
#   The process is running with CompressedOops enabled, and the Java Heap may be blocking the growth of the native heap
# Possible solutions:
#   Reduce memory load on the system
#   Increase physical memory or swap space
#   Check if swap backing store is full
#   Decrease Java heap size (-Xmx/-Xms)
#   Decrease number of Java threads
#   Decrease Java thread stack sizes (-Xss)
#   Set larger code cache with -XX:ReservedCodeCacheSize=
#   JVM is running with Unscaled Compressed Oops mode in which the Java heap is
#     placed in the first 4GB address space. The Java Heap base address is the
#     maximum limit for the native heap growth. Please use -XX:HeapBaseMinAddress
#     to set the Java Heap base and to place the Java Heap above 4GB virtual address.
# This output file may be truncated or incomplete.
#
#  Out of Memory Error (allocation.cpp:44), pid=6316, tid=13256
#
# JRE version: OpenJDK Runtime Environment Temurin-17.0.10+7 (17.0.10+7) (build 17.0.10+7)
# Java VM: OpenJDK 64-Bit Server VM Temurin-17.0.10+7 (17.0.10+7, mixed mode, emulated-client, tiered, compressed oops, compressed class ptrs, g1 gc, windows-amd64)
# No core dump will be written. Minidumps are not enabled by default on client versions of Windows
#

---------------  S U M M A R Y ------------

Command Line: -XX:+HeapDumpOnOutOfMemoryError -Xmx1024m -Dsts.lsp.client=vscode -Dsts.log.file=/dev/null -XX:TieredStopAtLevel=1 -Xlog:jni+resolve=off -Dspring.config.location=file:c:\Users\maria\.vscode\extensions\vmware.vscode-spring-boot-1.53.0\language-server\BOOT-INF\classes\application.properties org.springframework.ide.vscode.boot.app.BootLanguageServerBootApp

Host: Intel(R) Core(TM) i3-10110U CPU @ 2.10GHz, 4 cores, 3G,  Windows 11 , 64 bit Build 22621 (10.0.22621.3374)
Time: Mon Apr  8 18:50:32 2024 Hora Padrão de Buenos Aires elapsed time: 7640.861689 seconds (0d 2h 7m 20s)

---------------  T H R E A D  ---------------

Current thread (0x000002301fc6d190):  VMThread "VM Thread" [stack: 0x000000419c600000,0x000000419c700000] [id=13256]

Stack: [0x000000419c600000,0x000000419c700000]
Native frames: (J=compiled Java code, j=interpreted, Vv=VM code, C=native code)
V  [jvm.dll+0x67d2c9]
V  [jvm.dll+0x834afa]
V  [jvm.dll+0x8365be]
V  [jvm.dll+0x836c23]
V  [jvm.dll+0x2477ff]
V  [jvm.dll+0xa6c93]
V  [jvm.dll+0x2f86f1]
V  [jvm.dll+0x2f42e0]
V  [jvm.dll+0x2dc8c7]
V  [jvm.dll+0x31fb87]
V  [jvm.dll+0x83b11b]
V  [jvm.dll+0x83be61]
V  [jvm.dll+0x83c37d]
V  [jvm.dll+0x83c754]
V  [jvm.dll+0x83c820]
V  [jvm.dll+0x7e3fba]
V  [jvm.dll+0x67c1b5]
C  [ucrtbase.dll+0x29333]
C  [KERNEL32.DLL+0x1257d]
C  [ntdll.dll+0x5aa48]

VM_Operation (0x000000419d6fea10): G1CollectFull, mode: safepoint, requested by thread 0x00000230241bdea0


---------------  P R O C E S S  ---------------

Threads class SMR info:
_java_thread_list=0x00000230255aaad0, length=17, elements={
0x000002301fc83380, 0x000002301fc84110, 0x000002301fcb6c20, 0x000002301fcb9600,
0x000002301fcba4e0, 0x000002301fcbadb0, 0x000002301fcbdeb0, 0x0000023024012010,
0x000002302421a400, 0x0000023024229920, 0x00000230241fde10, 0x00000230241bdea0,
0x0000023025627fa0, 0x0000023015717460, 0x00000230255e5070, 0x0000023025784280,
0x00000230257245a0
}

Java Threads: ( => current thread )
  0x000002301fc83380 JavaThread "Reference Handler" daemon [_thread_blocked, id=8180, stack(0x000000419c700000,0x000000419c800000)]
  0x000002301fc84110 JavaThread "Finalizer" daemon [_thread_blocked, id=16124, stack(0x000000419c800000,0x000000419c900000)]
  0x000002301fcb6c20 JavaThread "Signal Dispatcher" daemon [_thread_blocked, id=1768, stack(0x000000419c900000,0x000000419ca00000)]
  0x000002301fcb9600 JavaThread "Attach Listener" daemon [_thread_blocked, id=4416, stack(0x000000419ca00000,0x000000419cb00000)]
  0x000002301fcba4e0 JavaThread "Service Thread" daemon [_thread_blocked, id=14896, stack(0x000000419cb00000,0x000000419cc00000)]
  0x000002301fcbadb0 JavaThread "Monitor Deflation Thread" daemon [_thread_blocked, id=15588, stack(0x000000419cc00000,0x000000419cd00000)]
  0x000002301fcbdeb0 JavaThread "C1 CompilerThread0" daemon [_thread_blocked, id=3820, stack(0x000000419cd00000,0x000000419ce00000)]
  0x0000023024012010 JavaThread "Sweeper thread" daemon [_thread_blocked, id=17392, stack(0x000000419ce00000,0x000000419cf00000)]
  0x000002302421a400 JavaThread "Notification Thread" daemon [_thread_blocked, id=312, stack(0x000000419d000000,0x000000419d100000)]
  0x0000023024229920 JavaThread "Common-Cleaner" daemon [_thread_blocked, id=12124, stack(0x000000419d200000,0x000000419d300000)]
  0x00000230241fde10 JavaThread "boundedElastic-evictor-1" daemon [_thread_blocked, id=17256, stack(0x000000419cf00000,0x000000419d000000)]
  0x00000230241bdea0 JavaThread "pool-13-thread-1" [_thread_blocked, id=6644, stack(0x000000419d600000,0x000000419d700000)]
  0x0000023025627fa0 JavaThread "LanguageServerApp-lifecycle" [_thread_blocked, id=16212, stack(0x000000419d700000,0x000000419d800000)]
  0x0000023015717460 JavaThread "DestroyJavaVM" [_thread_blocked, id=17292, stack(0x000000419c000000,0x000000419c100000)]
  0x00000230255e5070 JavaThread "pool-14-thread-1" [_thread_in_native, id=15160, stack(0x000000419d800000,0x000000419d900000)]
  0x0000023025784280 JavaThread "Simple-Language-Server main thread" daemon [_thread_blocked, id=12864, stack(0x000000419d900000,0x000000419da00000)]
  0x00000230257245a0 JavaThread "pool-6-thread-1" [_thread_blocked, id=1140, stack(0x000000419da00000,0x000000419db00000)]

Other Threads:
=>0x000002301fc6d190 VMThread "VM Thread" [stack: 0x000000419c600000,0x000000419c700000] [id=13256]
  0x000002302421d100 WatcherThread [stack: 0x000000419d100000,0x000000419d200000] [id=11480]
  0x0000023015754aa0 GCTaskThread "GC Thread#0" [stack: 0x000000419c100000,0x000000419c200000] [id=15080]
  0x00000230243f94f0 GCTaskThread "GC Thread#1" [stack: 0x000000419d300000,0x000000419d400000] [id=2296]
  0x0000023024903310 GCTaskThread "GC Thread#2" [stack: 0x000000419d400000,0x000000419d500000] [id=14796]
  0x0000023024c77520 GCTaskThread "GC Thread#3" [stack: 0x000000419d500000,0x000000419d600000] [id=9824]
  0x000002301575d910 ConcurrentGCThread "G1 Main Marker" [stack: 0x000000419c200000,0x000000419c300000] [id=10120]
  0x000002301575e240 ConcurrentGCThread "G1 Conc#0" [stack: 0x000000419c300000,0x000000419c400000] [id=16276]
  0x0000023015799d80 ConcurrentGCThread "G1 Refine#0" [stack: 0x000000419c400000,0x000000419c500000] [id=16960]
  0x000002301579b6d0 ConcurrentGCThread "G1 Service" [stack: 0x000000419c500000,0x000000419c600000] [id=704]

Threads with active compile tasks:

VM state: at safepoint (normal execution)

VM Mutex/Monitor currently owned by a thread:  ([mutex/lock_event])
[0x0000023013643400] Threads_lock - owner thread: 0x000002301fc6d190
[0x000002301363f5b0] Heap_lock - owner thread: 0x00000230241bdea0

Heap address: 0x00000000c0000000, size: 1024 MB, Compressed Oops mode: 32-bit

CDS archive(s) not mapped
Compressed class space mapped at: 0x0000000100000000-0x0000000140000000, reserved size: 1073741824
Narrow klass base: 0x0000000000000000, Narrow klass shift: 3, Narrow klass range: 0x140000000

GC Precious Log:
 CPUs: 4 total, 4 available
 Memory: 3930M
 Large Page Support: Disabled
 NUMA Support: Disabled
 Compressed Oops: Enabled (32-bit)
 Heap Region Size: 1M
 Heap Min Capacity: 8M
 Heap Initial Capacity: 62M
 Heap Max Capacity: 1G
 Pre-touch: Disabled
 Parallel Workers: 4
 Concurrent Workers: 1
 Concurrent Refinement Workers: 4
 Periodic GC: Disabled

Heap:
 garbage-first heap   total 63488K, used 23888K [0x00000000c0000000, 0x0000000100000000)
  region size 1024K, 1 young (1024K), 0 survivors (0K)
 Metaspace       used 37755K, committed 38336K, reserved 1114112K
  class space    used 4914K, committed 5184K, reserved 1048576K

Heap Regions: E=young(eden), S=young(survivor), O=old, HS=humongous(starts), HC=humongous(continues), CS=collection set, F=free, OA=open archive, CA=closed archive, TAMS=top-at-mark-start (previous, next)
|   0|0x00000000c0000000, 0x00000000c0100000, 0x00000000c0100000|100%|HS|  |TAMS 0x00000000c0100000, 0x00000000c0000000| Untracked 
|   1|0x00000000c0100000, 0x00000000c0200000, 0x00000000c0200000|100%|HC|  |TAMS 0x00000000c0200000, 0x00000000c0100000| Untracked 
|   2|0x00000000c0200000, 0x00000000c0300000, 0x00000000c0300000|100%|HC|  |TAMS 0x00000000c0300000, 0x00000000c0200000| Untracked 
|   3|0x00000000c0300000, 0x00000000c0400000, 0x00000000c0400000|100%|HC|  |TAMS 0x00000000c0400000, 0x00000000c0300000| Untracked 
|   4|0x00000000c0400000, 0x00000000c0500000, 0x00000000c0500000|100%| O|  |TAMS 0x00000000c0500000, 0x00000000c0400000| Untracked 
|   5|0x00000000c0500000, 0x00000000c05ffff8, 0x00000000c0600000| 99%| O|  |TAMS 0x00000000c05ffff8, 0x00000000c0500000| Untracked 
|   6|0x00000000c0600000, 0x00000000c0700000, 0x00000000c0700000|100%| O|  |TAMS 0x00000000c0700000, 0x00000000c0600000| Untracked 
|   7|0x00000000c0700000, 0x00000000c0800000, 0x00000000c0800000|100%| O|  |TAMS 0x00000000c0800000, 0x00000000c0700000| Untracked 
|   8|0x00000000c0800000, 0x00000000c0900000, 0x00000000c0900000|100%| O|  |TAMS 0x00000000c0900000, 0x00000000c0800000| Untracked 
|   9|0x00000000c0900000, 0x00000000c0a00000, 0x00000000c0a00000|100%| O|  |TAMS 0x00000000c0a00000, 0x00000000c0900000| Untracked 
|  10|0x00000000c0a00000, 0x00000000c0b00000, 0x00000000c0b00000|100%|HS|  |TAMS 0x00000000c0b00000, 0x00000000c0a00000| Untracked 
|  11|0x00000000c0b00000, 0x00000000c0c00000, 0x00000000c0c00000|100%|HC|  |TAMS 0x00000000c0c00000, 0x00000000c0b00000| Untracked 
|  12|0x00000000c0c00000, 0x00000000c0d00000, 0x00000000c0d00000|100%| O|  |TAMS 0x00000000c0d00000, 0x00000000c0c00000| Untracked 
|  13|0x00000000c0d00000, 0x00000000c0dfffe8, 0x00000000c0e00000| 99%| O|  |TAMS 0x00000000c0dfffe8, 0x00000000c0d00000| Untracked 
|  14|0x00000000c0e00000, 0x00000000c0f00000, 0x00000000c0f00000|100%| O|  |TAMS 0x00000000c0f00000, 0x00000000c0e00000| Untracked 
|  15|0x00000000c0f00000, 0x00000000c0ffffe0, 0x00000000c1000000| 99%| O|  |TAMS 0x00000000c0ffffe0, 0x00000000c0f00000| Untracked 
|  16|0x00000000c1000000, 0x00000000c1100000, 0x00000000c1100000|100%| O|  |TAMS 0x00000000c1100000, 0x00000000c1000000| Untracked 
|  17|0x00000000c1100000, 0x00000000c11fff78, 0x00000000c1200000| 99%| O|  |TAMS 0x00000000c11fff78, 0x00000000c1100000| Untracked 
|  18|0x00000000c1200000, 0x00000000c12f93c8, 0x00000000c1300000| 97%| O|  |TAMS 0x00000000c12f93c8, 0x00000000c1200000| Untracked 
|  19|0x00000000c1300000, 0x00000000c13fffa8, 0x00000000c1400000| 99%| O|  |TAMS 0x00000000c13fffa8, 0x00000000c1300000| Untracked 
|  20|0x00000000c1400000, 0x00000000c1500000, 0x00000000c1500000|100%| O|  |TAMS 0x00000000c1500000, 0x00000000c1400000| Untracked 
|  21|0x00000000c1500000, 0x00000000c15fffd0, 0x00000000c1600000| 99%| O|  |TAMS 0x00000000c15fffd0, 0x00000000c1500000| Untracked 
|  22|0x00000000c1600000, 0x00000000c16ffff0, 0x00000000c1700000| 99%| O|  |TAMS 0x00000000c16ffff0, 0x00000000c1600000| Untracked 
|  23|0x00000000c1700000, 0x00000000c175b0b8, 0x00000000c1800000| 35%| O|  |TAMS 0x00000000c1700000, 0x00000000c1700000| Untracked 
|  24|0x00000000c1800000, 0x00000000c1800000, 0x00000000c1900000|  0%| F|  |TAMS 0x00000000c1800000, 0x00000000c1800000| Untracked 
|  25|0x00000000c1900000, 0x00000000c1900000, 0x00000000c1a00000|  0%| F|  |TAMS 0x00000000c1900000, 0x00000000c1900000| Untracked 
|  26|0x00000000c1a00000, 0x00000000c1a00000, 0x00000000c1b00000|  0%| F|  |TAMS 0x00000000c1a00000, 0x00000000c1a00000| Untracked 
|  27|0x00000000c1b00000, 0x00000000c1b00000, 0x00000000c1c00000|  0%| F|  |TAMS 0x00000000c1b00000, 0x00000000c1b00000| Untracked 
|  28|0x00000000c1c00000, 0x00000000c1c00000, 0x00000000c1d00000|  0%| F|  |TAMS 0x00000000c1c00000, 0x00000000c1c00000| Untracked 
|  29|0x00000000c1d00000, 0x00000000c1d00000, 0x00000000c1e00000|  0%| F|  |TAMS 0x00000000c1d00000, 0x00000000c1d00000| Untracked 
|  30|0x00000000c1e00000, 0x00000000c1e00000, 0x00000000c1f00000|  0%| F|  |TAMS 0x00000000c1e00000, 0x00000000c1e00000| Untracked 
|  31|0x00000000c1f00000, 0x00000000c1f00068, 0x00000000c2000000|  0%| O|  |TAMS 0x00000000c1f00000, 0x00000000c1f00000| Untracked 
|  32|0x00000000c2000000, 0x00000000c2000000, 0x00000000c2100000|  0%| F|  |TAMS 0x00000000c2000000, 0x00000000c2000000| Untracked 
|  33|0x00000000c2100000, 0x00000000c2100000, 0x00000000c2200000|  0%| F|  |TAMS 0x00000000c2100000, 0x00000000c2100000| Untracked 
|  34|0x00000000c2200000, 0x00000000c2200000, 0x00000000c2300000|  0%| F|  |TAMS 0x00000000c2200000, 0x00000000c2200000| Untracked 
|  35|0x00000000c2300000, 0x00000000c2300000, 0x00000000c2400000|  0%| F|  |TAMS 0x00000000c2300000, 0x00000000c2300000| Untracked 
|  36|0x00000000c2400000, 0x00000000c2400000, 0x00000000c2500000|  0%| F|  |TAMS 0x00000000c2400000, 0x00000000c2400000| Untracked 
|  37|0x00000000c2500000, 0x00000000c2500000, 0x00000000c2600000|  0%| F|  |TAMS 0x00000000c2500000, 0x00000000c2500000| Untracked 
|  38|0x00000000c2600000, 0x00000000c2600000, 0x00000000c2700000|  0%| F|  |TAMS 0x00000000c2600000, 0x00000000c2600000| Untracked 
|  39|0x00000000c2700000, 0x00000000c2700000, 0x00000000c2800000|  0%| F|  |TAMS 0x00000000c2700000, 0x00000000c2700000| Untracked 
|  40|0x00000000c2800000, 0x00000000c2800000, 0x00000000c2900000|  0%| F|  |TAMS 0x00000000c2800000, 0x00000000c2800000| Untracked 
|  41|0x00000000c2900000, 0x00000000c2900000, 0x00000000c2a00000|  0%| F|  |TAMS 0x00000000c2900000, 0x00000000c2900000| Untracked 
|  42|0x00000000c2a00000, 0x00000000c2a00000, 0x00000000c2b00000|  0%| F|  |TAMS 0x00000000c2a00000, 0x00000000c2a00000| Untracked 
|  43|0x00000000c2b00000, 0x00000000c2b00000, 0x00000000c2c00000|  0%| F|  |TAMS 0x00000000c2b00000, 0x00000000c2b00000| Untracked 
|  44|0x00000000c2c00000, 0x00000000c2c00000, 0x00000000c2d00000|  0%| F|  |TAMS 0x00000000c2c00000, 0x00000000c2c00000| Untracked 
|  45|0x00000000c2d00000, 0x00000000c2d00000, 0x00000000c2e00000|  0%| F|  |TAMS 0x00000000c2d00000, 0x00000000c2d00000| Untracked 
|  46|0x00000000c2e00000, 0x00000000c2e00000, 0x00000000c2f00000|  0%| F|  |TAMS 0x00000000c2e00000, 0x00000000c2e00000| Untracked 
|  47|0x00000000c2f00000, 0x00000000c2f00000, 0x00000000c3000000|  0%| F|  |TAMS 0x00000000c2f00000, 0x00000000c2f00000| Untracked 
|  48|0x00000000c3000000, 0x00000000c3000000, 0x00000000c3100000|  0%| F|  |TAMS 0x00000000c3000000, 0x00000000c3000000| Untracked 
|  49|0x00000000c3100000, 0x00000000c3100000, 0x00000000c3200000|  0%| F|  |TAMS 0x00000000c3100000, 0x00000000c3100000| Untracked 
|  50|0x00000000c3200000, 0x00000000c3200000, 0x00000000c3300000|  0%| F|  |TAMS 0x00000000c3200000, 0x00000000c3200000| Untracked 
|  51|0x00000000c3300000, 0x00000000c3300000, 0x00000000c3400000|  0%| F|  |TAMS 0x00000000c3300000, 0x00000000c3300000| Untracked 
|  52|0x00000000c3400000, 0x00000000c3400000, 0x00000000c3500000|  0%| F|  |TAMS 0x00000000c3400000, 0x00000000c3400000| Untracked 
|  53|0x00000000c3500000, 0x00000000c3500000, 0x00000000c3600000|  0%| F|  |TAMS 0x00000000c3500000, 0x00000000c3500000| Untracked 
|  54|0x00000000c3600000, 0x00000000c3600000, 0x00000000c3700000|  0%| F|  |TAMS 0x00000000c3600000, 0x00000000c3600000| Untracked 
|  55|0x00000000c3700000, 0x00000000c3700000, 0x00000000c3800000|  0%| F|  |TAMS 0x00000000c3700000, 0x00000000c3700000| Untracked 
|  56|0x00000000c3800000, 0x00000000c3800000, 0x00000000c3900000|  0%| F|  |TAMS 0x00000000c3800000, 0x00000000c3800000| Untracked 
|  57|0x00000000c3900000, 0x00000000c3900000, 0x00000000c3a00000|  0%| F|  |TAMS 0x00000000c3900000, 0x00000000c3900000| Untracked 
|  58|0x00000000c3a00000, 0x00000000c3a00000, 0x00000000c3b00000|  0%| F|  |TAMS 0x00000000c3a00000, 0x00000000c3a00000| Untracked 
|  59|0x00000000c3b00000, 0x00000000c3b00000, 0x00000000c3c00000|  0%| F|  |TAMS 0x00000000c3b00000, 0x00000000c3b00000| Untracked 
|  60|0x00000000c3c00000, 0x00000000c3c00000, 0x00000000c3d00000|  0%| F|  |TAMS 0x00000000c3c00000, 0x00000000c3c00000| Untracked 
|  61|0x00000000c3d00000, 0x00000000c3d25908, 0x00000000c3e00000| 14%| E|  |TAMS 0x00000000c3d00000, 0x00000000c3d00000| Complete 

Card table byte_map: [0x000002301b3a0000,0x000002301b5a0000] _byte_map_base: 0x000002301ada0000

Marking Bits (Prev, Next): (CMBitMap*) 0x0000023015755020, (CMBitMap*) 0x0000023015754fe0
 Prev Bits: [0x000002301c7a0000, 0x000002301d7a0000)
 Next Bits: [0x000002301b7a0000, 0x000002301c7a0000)

Polling page: 0x00000230135d0000

Metaspace:

Usage:
  Non-class:     32.07 MB used.
      Class:      4.80 MB used.
       Both:     36.87 MB used.

Virtual space:
  Non-class space:       64.00 MB reserved,      32.38 MB ( 51%) committed,  1 nodes.
      Class space:        1.00 GB reserved,       5.06 MB ( <1%) committed,  1 nodes.
             Both:        1.06 GB reserved,      37.44 MB (  3%) committed. 

Chunk freelists:
   Non-Class:  15.71 MB
       Class:  10.99 MB
        Both:  26.70 MB

MaxMetaspaceSize: unlimited
CompressedClassSpaceSize: 1.00 GB
Initial GC threshold: 21.00 MB
Current GC threshold: 62.44 MB
CDS: off
MetaspaceReclaimPolicy: balanced
 - commit_granule_bytes: 65536.
 - commit_granule_words: 8192.
 - virtual_space_node_default_size: 8388608.
 - enlarge_chunks_in_place: 1.
 - new_chunks_are_fully_committed: 0.
 - uncommit_free_chunks: 1.
 - use_allocation_guard: 0.
 - handle_deallocations: 1.


Internal statistics:

num_allocs_failed_limit: 6.
num_arena_births: 482.
num_arena_deaths: 138.
num_vsnodes_births: 2.
num_vsnodes_deaths: 0.
num_space_committed: 599.
num_space_uncommitted: 0.
num_chunks_returned_to_freelist: 162.
num_chunks_taken_from_freelist: 1595.
num_chunk_merges: 46.
num_chunk_splits: 1099.
num_chunks_enlarged: 829.
num_inconsistent_stats: 0.

CodeCache: size=49152Kb used=6842Kb max_used=7404Kb free=42309Kb
 bounds [0x00000230183a0000, 0x0000023018ae0000, 0x000002301b3a0000]
 total_blobs=4214 nmethods=3671 adapters=469
 compilation: enabled
              stopped_count=0, restarted_count=0
 full_count=0

Compilation events (20 events):
Event: 4181.791 Thread 0x000002301fcbdeb0 3669       1       java.lang.invoke.Invokers$Holder::linkToTargetMethod (9 bytes)
Event: 4181.791 Thread 0x000002301fcbdeb0 nmethod 3669 0x0000023018a4a990 code [0x0000023018a4ab40, 0x0000023018a4ac58]
Event: 4181.791 Thread 0x000002301fcbdeb0 3670       1       java.lang.invoke.LambdaForm$DMH/0x0000000100514400::newInvokeSpecial (23 bytes)
Event: 4181.791 Thread 0x000002301fcbdeb0 nmethod 3670 0x0000023018a4ad10 code [0x0000023018a4aec0, 0x0000023018a4b048]
Event: 4181.791 Thread 0x000002301fcbdeb0 3671       1       java.lang.ProcessImpl$$Lambda$741/0x00000001003e0fb0::<init> (10 bytes)
Event: 4181.791 Thread 0x000002301fcbdeb0 nmethod 3671 0x0000023018a4b190 code [0x0000023018a4b320, 0x0000023018a4b3f8]
Event: 4181.791 Thread 0x000002301fcbdeb0 3673       1       java.lang.ProcessHandleImpl::getInternal (13 bytes)
Event: 4181.791 Thread 0x000002301fcbdeb0 nmethod 3673 0x0000023018a4b490 code [0x0000023018a4b620, 0x0000023018a4b788]
Event: 4181.791 Thread 0x000002301fcbdeb0 3674       1       java.lang.ProcessImpl$2::<init> (20 bytes)
Event: 4181.792 Thread 0x000002301fcbdeb0 nmethod 3674 0x0000023018a4b810 code [0x0000023018a4b9a0, 0x0000023018a4bb18]
Event: 4181.792 Thread 0x000002301fcbdeb0 3675       1       java.lang.ProcessImpl$2::run (5 bytes)
Event: 4181.792 Thread 0x000002301fcbdeb0 nmethod 3675 0x0000023018a4bb90 code [0x0000023018a4bd20, 0x0000023018a4be08]
Event: 4181.792 Thread 0x000002301fcbdeb0 3676       1       java.lang.ProcessImpl$2::run (242 bytes)
Event: 4181.792 Thread 0x000002302552f830 3677       1       java.io.BufferedOutputStream::<init> (9 bytes)
Event: 4181.792 Thread 0x000002302552f830 nmethod 3677 0x0000023018ad8c10 code [0x0000023018ad8da0, 0x0000023018ad9078]
Event: 4181.792 Thread 0x000002302552f830 3678       1       java.lang.ProcessImpl::waitFor (136 bytes)
Event: 4181.795 Thread 0x000002302552f830 nmethod 3678 0x0000023018ad9190 code [0x0000023018ad93a0, 0x0000023018ad97d8]
Event: 4181.798 Thread 0x000002301fcbdeb0 nmethod 3676 0x0000023018ad9a10 code [0x0000023018ad9cc0, 0x0000023018adaa58]
Event: 5541.184 Thread 0x000002301fcbdeb0 3680       1       java.io.BufferedInputStream::<init> (32 bytes)
Event: 5541.191 Thread 0x000002301fcbdeb0 nmethod 3680 0x0000023018ad8690 code [0x0000023018ad8840, 0x0000023018ad8b08]

GC Heap History (20 events):
Event: 7536.428 GC heap before
{Heap before GC invocations=718 (full 705):
 garbage-first heap   total 63488K, used 23888K [0x00000000c0000000, 0x0000000100000000)
  region size 1024K, 1 young (1024K), 0 survivors (0K)
 Metaspace       used 37755K, committed 38336K, reserved 1114112K
  class space    used 4914K, committed 5184K, reserved 1048576K
}
Event: 7536.460 GC heap after
{Heap after GC invocations=719 (full 706):
 garbage-first heap   total 63488K, used 23888K [0x00000000c0000000, 0x0000000100000000)
  region size 1024K, 0 young (0K), 0 survivors (0K)
 Metaspace       used 37755K, committed 38336K, reserved 1114112K
  class space    used 4914K, committed 5184K, reserved 1048576K
}
Event: 7546.623 GC heap before
{Heap before GC invocations=719 (full 706):
 garbage-first heap   total 63488K, used 23888K [0x00000000c0000000, 0x0000000100000000)
  region size 1024K, 1 young (1024K), 0 survivors (0K)
 Metaspace       used 37755K, committed 38336K, reserved 1114112K
  class space    used 4914K, committed 5184K, reserved 1048576K
}
Event: 7546.645 GC heap after
{Heap after GC invocations=720 (full 707):
 garbage-first heap   total 63488K, used 23888K [0x00000000c0000000, 0x0000000100000000)
  region size 1024K, 0 young (0K), 0 survivors (0K)
 Metaspace       used 37755K, committed 38336K, reserved 1114112K
  class space    used 4914K, committed 5184K, reserved 1048576K
}
Event: 7557.044 GC heap before
{Heap before GC invocations=720 (full 707):
 garbage-first heap   total 63488K, used 23888K [0x00000000c0000000, 0x0000000100000000)
  region size 1024K, 1 young (1024K), 0 survivors (0K)
 Metaspace       used 37755K, committed 38336K, reserved 1114112K
  class space    used 4914K, committed 5184K, reserved 1048576K
}
Event: 7557.067 GC heap after
{Heap after GC invocations=721 (full 708):
 garbage-first heap   total 63488K, used 23888K [0x00000000c0000000, 0x0000000100000000)
  region size 1024K, 0 young (0K), 0 survivors (0K)
 Metaspace       used 37755K, committed 38336K, reserved 1114112K
  class space    used 4914K, committed 5184K, reserved 1048576K
}
Event: 7567.259 GC heap before
{Heap before GC invocations=721 (full 708):
 garbage-first heap   total 63488K, used 23888K [0x00000000c0000000, 0x0000000100000000)
  region size 1024K, 1 young (1024K), 0 survivors (0K)
 Metaspace       used 37755K, committed 38336K, reserved 1114112K
  class space    used 4914K, committed 5184K, reserved 1048576K
}
Event: 7567.283 GC heap after
{Heap after GC invocations=722 (full 709):
 garbage-first heap   total 63488K, used 23888K [0x00000000c0000000, 0x0000000100000000)
  region size 1024K, 0 young (0K), 0 survivors (0K)
 Metaspace       used 37755K, committed 38336K, reserved 1114112K
  class space    used 4914K, committed 5184K, reserved 1048576K
}
Event: 7577.469 GC heap before
{Heap before GC invocations=722 (full 709):
 garbage-first heap   total 63488K, used 23888K [0x00000000c0000000, 0x0000000100000000)
  region size 1024K, 1 young (1024K), 0 survivors (0K)
 Metaspace       used 37755K, committed 38336K, reserved 1114112K
  class space    used 4914K, committed 5184K, reserved 1048576K
}
Event: 7577.490 GC heap after
{Heap after GC invocations=723 (full 710):
 garbage-first heap   total 63488K, used 23888K [0x00000000c0000000, 0x0000000100000000)
  region size 1024K, 0 young (0K), 0 survivors (0K)
 Metaspace       used 37755K, committed 38336K, reserved 1114112K
  class space    used 4914K, committed 5184K, reserved 1048576K
}
Event: 7587.664 GC heap before
{Heap before GC invocations=723 (full 710):
 garbage-first heap   total 63488K, used 23888K [0x00000000c0000000, 0x0000000100000000)
  region size 1024K, 1 young (1024K), 0 survivors (0K)
 Metaspace       used 37755K, committed 38336K, reserved 1114112K
  class space    used 4914K, committed 5184K, reserved 1048576K
}
Event: 7587.686 GC heap after
{Heap after GC invocations=724 (full 711):
 garbage-first heap   total 63488K, used 23888K [0x00000000c0000000, 0x0000000100000000)
  region size 1024K, 0 young (0K), 0 survivors (0K)
 Metaspace       used 37755K, committed 38336K, reserved 1114112K
  class space    used 4914K, committed 5184K, reserved 1048576K
}
Event: 7597.854 GC heap before
{Heap before GC invocations=724 (full 711):
 garbage-first heap   total 63488K, used 23888K [0x00000000c0000000, 0x0000000100000000)
  region size 1024K, 1 young (1024K), 0 survivors (0K)
 Metaspace       used 37755K, committed 38336K, reserved 1114112K
  class space    used 4914K, committed 5184K, reserved 1048576K
}
Event: 7597.876 GC heap after
{Heap after GC invocations=725 (full 712):
 garbage-first heap   total 63488K, used 23888K [0x00000000c0000000, 0x0000000100000000)
  region size 1024K, 0 young (0K), 0 survivors (0K)
 Metaspace       used 37755K, committed 38336K, reserved 1114112K
  class space    used 4914K, committed 5184K, reserved 1048576K
}
Event: 7608.057 GC heap before
{Heap before GC invocations=725 (full 712):
 garbage-first heap   total 63488K, used 23888K [0x00000000c0000000, 0x0000000100000000)
  region size 1024K, 1 young (1024K), 0 survivors (0K)
 Metaspace       used 37755K, committed 38336K, reserved 1114112K
  class space    used 4914K, committed 5184K, reserved 1048576K
}
Event: 7608.078 GC heap after
{Heap after GC invocations=726 (full 713):
 garbage-first heap   total 63488K, used 23888K [0x00000000c0000000, 0x0000000100000000)
  region size 1024K, 0 young (0K), 0 survivors (0K)
 Metaspace       used 37755K, committed 38336K, reserved 1114112K
  class space    used 4914K, committed 5184K, reserved 1048576K
}
Event: 7619.013 GC heap before
{Heap before GC invocations=726 (full 713):
 garbage-first heap   total 63488K, used 23888K [0x00000000c0000000, 0x0000000100000000)
  region size 1024K, 1 young (1024K), 0 survivors (0K)
 Metaspace       used 37755K, committed 38336K, reserved 1114112K
  class space    used 4914K, committed 5184K, reserved 1048576K
}
Event: 7619.316 GC heap after
{Heap after GC invocations=727 (full 714):
 garbage-first heap   total 63488K, used 23888K [0x00000000c0000000, 0x0000000100000000)
  region size 1024K, 0 young (0K), 0 survivors (0K)
 Metaspace       used 37755K, committed 38336K, reserved 1114112K
  class space    used 4914K, committed 5184K, reserved 1048576K
}
Event: 7630.548 GC heap before
{Heap before GC invocations=727 (full 714):
 garbage-first heap   total 63488K, used 23888K [0x00000000c0000000, 0x0000000100000000)
  region size 1024K, 1 young (1024K), 0 survivors (0K)
 Metaspace       used 37755K, committed 38336K, reserved 1114112K
  class space    used 4914K, committed 5184K, reserved 1048576K
}
Event: 7630.702 GC heap after
{Heap after GC invocations=728 (full 715):
 garbage-first heap   total 63488K, used 23888K [0x00000000c0000000, 0x0000000100000000)
  region size 1024K, 0 young (0K), 0 survivors (0K)
 Metaspace       used 37755K, committed 38336K, reserved 1114112K
  class space    used 4914K, committed 5184K, reserved 1048576K
}

Dll operation events (8 events):
Event: 0.027 Loaded shared library c:\Users\maria\.vscode\extensions\redhat.java-1.29.0-win32-x64\jre\17.0.10-win32-x86_64\bin\java.dll
Event: 0.628 Loaded shared library C:\Users\maria\.vscode\extensions\redhat.java-1.29.0-win32-x64\jre\17.0.10-win32-x86_64\bin\net.dll
Event: 0.631 Loaded shared library C:\Users\maria\.vscode\extensions\redhat.java-1.29.0-win32-x64\jre\17.0.10-win32-x86_64\bin\nio.dll
Event: 0.650 Loaded shared library C:\Users\maria\.vscode\extensions\redhat.java-1.29.0-win32-x64\jre\17.0.10-win32-x86_64\bin\zip.dll
Event: 1.469 Loaded shared library C:\Users\maria\.vscode\extensions\redhat.java-1.29.0-win32-x64\jre\17.0.10-win32-x86_64\bin\jimage.dll
Event: 6.417 Loaded shared library c:\Users\maria\.vscode\extensions\redhat.java-1.29.0-win32-x64\jre\17.0.10-win32-x86_64\bin\verify.dll
Event: 14.992 Loaded shared library C:\Users\maria\.vscode\extensions\redhat.java-1.29.0-win32-x64\jre\17.0.10-win32-x86_64\bin\management.dll
Event: 14.999 Loaded shared library C:\Users\maria\.vscode\extensions\redhat.java-1.29.0-win32-x64\jre\17.0.10-win32-x86_64\bin\management_ext.dll

Deoptimization events (4 events):
Event: 15.518 Thread 0x00000230255e5070 DEOPT PACKING pc=0x000002301884b981 sp=0x000000419d8fdb40
Event: 15.518 Thread 0x00000230255e5070 DEOPT UNPACKING pc=0x00000230183f7143 sp=0x000000419d8fcfd0 mode 3
Event: 15.531 Thread 0x0000023025784280 DEOPT PACKING pc=0x000002301882ae97 sp=0x000000419d9ff340
Event: 15.531 Thread 0x0000023025784280 DEOPT UNPACKING pc=0x00000230183f7143 sp=0x000000419d9fe798 mode 3

Classes unloaded (20 events):
Event: 65.983 Thread 0x000002301fc6d190 Unloading class 0x0000000100094800 'java/lang/invoke/LambdaForm$MH+0x0000000100094800'
Event: 65.983 Thread 0x000002301fc6d190 Unloading class 0x0000000100094400 'java/lang/invoke/LambdaForm$MH+0x0000000100094400'
Event: 65.983 Thread 0x000002301fc6d190 Unloading class 0x000000010008e800 'java/lang/invoke/LambdaForm$MH+0x000000010008e800'
Event: 65.983 Thread 0x000002301fc6d190 Unloading class 0x000000010008e400 'java/lang/invoke/LambdaForm$MH+0x000000010008e400'
Event: 65.983 Thread 0x000002301fc6d190 Unloading class 0x000000010008e000 'java/lang/invoke/LambdaForm$MH+0x000000010008e000'
Event: 65.983 Thread 0x000002301fc6d190 Unloading class 0x000000010008dc00 'java/lang/invoke/LambdaForm$MH+0x000000010008dc00'
Event: 65.983 Thread 0x000002301fc6d190 Unloading class 0x000000010008d800 'java/lang/invoke/LambdaForm$MH+0x000000010008d800'
Event: 65.983 Thread 0x000002301fc6d190 Unloading class 0x000000010008d400 'java/lang/invoke/LambdaForm$MH+0x000000010008d400'
Event: 65.983 Thread 0x000002301fc6d190 Unloading class 0x000000010008cc00 'java/lang/invoke/LambdaForm$MH+0x000000010008cc00'
Event: 65.983 Thread 0x000002301fc6d190 Unloading class 0x000000010008c800 'java/lang/invoke/LambdaForm$MH+0x000000010008c800'
Event: 65.983 Thread 0x000002301fc6d190 Unloading class 0x000000010008c000 'java/lang/invoke/LambdaForm$MH+0x000000010008c000'
Event: 65.983 Thread 0x000002301fc6d190 Unloading class 0x000000010008bc00 'java/lang/invoke/LambdaForm$MH+0x000000010008bc00'
Event: 65.983 Thread 0x000002301fc6d190 Unloading class 0x000000010008ac00 'java/lang/invoke/LambdaForm$MH+0x000000010008ac00'
Event: 65.984 Thread 0x000002301fc6d190 Unloading class 0x000000010008a400 'java/lang/invoke/LambdaForm$MH+0x000000010008a400'
Event: 65.984 Thread 0x000002301fc6d190 Unloading class 0x000000010008a000 'java/lang/invoke/LambdaForm$MH+0x000000010008a000'
Event: 65.984 Thread 0x000002301fc6d190 Unloading class 0x0000000100089c00 'java/lang/invoke/LambdaForm$MH+0x0000000100089c00'
Event: 65.984 Thread 0x000002301fc6d190 Unloading class 0x0000000100089800 'java/lang/invoke/LambdaForm$MH+0x0000000100089800'
Event: 65.984 Thread 0x000002301fc6d190 Unloading class 0x0000000100089400 'java/lang/invoke/LambdaForm$MH+0x0000000100089400'
Event: 65.984 Thread 0x000002301fc6d190 Unloading class 0x0000000100088c00 'java/lang/invoke/LambdaForm$MH+0x0000000100088c00'
Event: 65.984 Thread 0x000002301fc6d190 Unloading class 0x0000000100088400 'java/lang/invoke/LambdaForm$MH+0x0000000100088400'

Classes redefined (0 events):
No events

Internal exceptions (20 events):
Event: 8.959 Thread 0x0000023015717460 Exception <a 'java/lang/NoSuchMethodError'{0x00000000c398c2d8}: 'int java.lang.invoke.Invokers$Holder.linkToTargetMethod(java.lang.Object, java.lang.Object)'> (0x00000000c398c2d8) 
thrown [s\src\hotspot\share\interpreter\linkResolver.cpp, line 759]
Event: 9.000 Thread 0x0000023015717460 Exception <a 'java/lang/NoSuchMethodError'{0x00000000c387b998}: 'java.lang.Object java.lang.invoke.DirectMethodHandle$Holder.invokeSpecial(java.lang.Object, java.lang.Object, java.lang.Object, java.lang.Object, java.lang.Object, java.lang.Object, java.lang.Object, java.lang.Object, java.lang.Object, java.lang.Object)'> (0x00000000c387b998) 
thrown [s\src\hotspot\share\interpreter\linkResolver.cpp, line 759]
Event: 9.000 Thread 0x0000023015717460 Exception <a 'java/lang/NoSuchMethodError'{0x00000000c387ff80}: 'java.lang.Object java.lang.invoke.Invokers$Holder.invoke_MT(java.lang.Object, java.lang.Object, java.lang.Object, java.lang.Object, java.lang.Object, java.lang.Object, java.lang.Object, java.lang.Object, java.lang.Object, java.lang.Object)'> (0x00000000c387ff80) 
thrown [s\src\hotspot\share\interpreter\linkResolver.cpp, line 759]
Event: 9.009 Thread 0x0000023015717460 Exception <a 'java/lang/NoSuchMethodError'{0x00000000c38c72d0}: 'java.lang.Object java.lang.invoke.DirectMethodHandle$Holder.invokeSpecial(java.lang.Object, java.lang.Object, int, java.lang.Object, java.lang.Object)'> (0x00000000c38c72d0) 
thrown [s\src\hotspot\share\interpreter\linkResolver.cpp, line 759]
Event: 9.009 Thread 0x0000023015717460 Exception <a 'java/lang/NoSuchMethodError'{0x00000000c38caf78}: 'java.lang.Object java.lang.invoke.DelegatingMethodHandle$Holder.delegate(java.lang.Object, int, java.lang.Object, java.lang.Object)'> (0x00000000c38caf78) 
thrown [s\src\hotspot\share\interpreter\linkResolver.cpp, line 759]
Event: 9.011 Thread 0x0000023015717460 Exception <a 'java/lang/NoSuchMethodError'{0x00000000c38dbe00}: 'int java.lang.invoke.Invokers$Holder.linkToTargetMethod(java.lang.Object, java.lang.Object, java.lang.Object)'> (0x00000000c38dbe00) 
thrown [s\src\hotspot\share\interpreter\linkResolver.cpp, line 759]
Event: 9.243 Thread 0x0000023015717460 Exception <a 'java/lang/NoSuchMethodError'{0x00000000c3370f30}: 'java.lang.Object java.lang.invoke.DirectMethodHandle$Holder.invokeStaticInit(java.lang.Object, int, int, int, int)'> (0x00000000c3370f30) 
thrown [s\src\hotspot\share\interpreter\linkResolver.cpp, line 759]
Event: 9.497 Thread 0x0000023015717460 Exception <a 'java/lang/NoSuchMethodError'{0x00000000c339e848}: 'java.lang.Object java.lang.invoke.DirectMethodHandle$Holder.invokeStaticInit(java.lang.Object, java.lang.Object, int, int, int, int)'> (0x00000000c339e848) 
thrown [s\src\hotspot\share\interpreter\linkResolver.cpp, line 759]
Event: 10.050 Thread 0x0000023015717460 Exception <a 'java/lang/NoSuchMethodError'{0x00000000c2be6a68}: 'void java.lang.invoke.DirectMethodHandle$Holder.invokeSpecialIFC(java.lang.Object, java.lang.Object, java.lang.Object)'> (0x00000000c2be6a68) 
thrown [s\src\hotspot\share\interpreter\linkResolver.cpp, line 759]
Event: 12.048 Thread 0x0000023015717460 Exception <a 'java/lang/NoSuchMethodError'{0x00000000c2f9ef38}: 'int java.lang.invoke.DirectMethodHandle$Holder.invokeStaticInit(java.lang.Object, java.lang.Object, int, java.lang.Object)'> (0x00000000c2f9ef38) 
thrown [s\src\hotspot\share\interpreter\linkResolver.cpp, line 759]
Event: 12.171 Thread 0x0000023015717460 Exception <a 'java/lang/NoSuchMethodError'{0x00000000c2eaff68}: 'void java.lang.invoke.DirectMethodHandle$Holder.invokeSpecial(java.lang.Object, java.lang.Object, java.lang.Object, java.lang.Object, java.lang.Object, java.lang.Object, java.lang.Object)'> (0x00000000c2eaff68) 
thrown [s\src\hotspot\share\interpreter\linkResolver.cpp, line 759]
Event: 12.777 Thread 0x0000023015717460 Exception <a 'java/lang/NoSuchMethodError'{0x00000000c3c44750}: 'java.lang.Object java.lang.invoke.DirectMethodHandle$Holder.invokeInterface(java.lang.Object, java.lang.Object, int)'> (0x00000000c3c44750) 
thrown [s\src\hotspot\share\interpreter\linkResolver.cpp, line 759]
Event: 12.787 Thread 0x0000023015717460 Exception <a 'java/lang/IncompatibleClassChangeError'{0x00000000c3c5b270}: Found class java.lang.Object, but interface was expected> (0x00000000c3c5b270) 
thrown [s\src\hotspot\share\interpreter\linkResolver.cpp, line 826]
Event: 14.979 Thread 0x0000023015717460 Exception <a 'java/lang/NoSuchMethodError'{0x00000000c3a4bb50}: 'java.lang.Object java.lang.invoke.DirectMethodHandle$Holder.newInvokeSpecial(java.lang.Object, java.lang.Object, int, java.lang.Object, java.lang.Object)'> (0x00000000c3a4bb50) 
thrown [s\src\hotspot\share\interpreter\linkResolver.cpp, line 759]
Event: 14.981 Thread 0x0000023015717460 Exception <a 'java/lang/NoSuchMethodError'{0x00000000c3a5ecb8}: 'java.lang.Object java.lang.invoke.DirectMethodHandle$Holder.invokeSpecial(java.lang.Object, java.lang.Object, int, java.lang.Object, int, java.lang.Object)'> (0x00000000c3a5ecb8) 
thrown [s\src\hotspot\share\interpreter\linkResolver.cpp, line 759]
Event: 14.982 Thread 0x0000023015717460 Exception <a 'java/lang/NoSuchMethodError'{0x00000000c3a66ac0}: 'java.lang.Object java.lang.invoke.DirectMethodHandle$Holder.newInvokeSpecial(java.lang.Object, java.lang.Object, int, java.lang.Object, int)'> (0x00000000c3a66ac0) 
thrown [s\src\hotspot\share\interpreter\linkResolver.cpp, line 759]
Event: 14.982 Thread 0x0000023015717460 Exception <a 'java/lang/NoSuchMethodError'{0x00000000c3a6abc0}: 'java.lang.Object java.lang.invoke.DirectMethodHandle$Holder.invokeSpecial(java.lang.Object, java.lang.Object, java.lang.Object, int, java.lang.Object, int)'> (0x00000000c3a6abc0) 
thrown [s\src\hotspot\share\interpreter\linkResolver.cpp, line 759]
Event: 15.442 Thread 0x0000023025784280 Exception <a 'java/lang/NoSuchMethodError'{0x00000000c2fc9860}: 'java.lang.Object java.lang.invoke.DirectMethodHandle$Holder.invokeStatic(java.lang.Object, int, java.lang.Object)'> (0x00000000c2fc9860) 
thrown [s\src\hotspot\share\interpreter\linkResolver.cpp, line 759]
Event: 55.037 Thread 0x00000230241bdea0 Exception <a 'java/lang/NoSuchMethodError'{0x00000000c2e84c78}: 'void java.lang.invoke.DirectMethodHandle$Holder.invokeStatic(java.lang.Object, long)'> (0x00000000c2e84c78) 
thrown [s\src\hotspot\share\interpreter\linkResolver.cpp, line 759]
Event: 55.039 Thread 0x00000230241bdea0 Exception <a 'java/lang/NoSuchMethodError'{0x00000000c2e8a020}: 'java.lang.Object java.lang.invoke.DirectMethodHandle$Holder.newInvokeSpecial(java.lang.Object, long)'> (0x00000000c2e8a020) 
thrown [s\src\hotspot\share\interpreter\linkResolver.cpp, line 759]

VM Operations (20 events):
Event: 7536.460 Executing VM operation: G1CollectFull done
Event: 7546.623 Executing VM operation: G1CollectFull
Event: 7546.645 Executing VM operation: G1CollectFull done
Event: 7557.044 Executing VM operation: G1CollectFull
Event: 7557.067 Executing VM operation: G1CollectFull done
Event: 7567.259 Executing VM operation: G1CollectFull
Event: 7567.283 Executing VM operation: G1CollectFull done
Event: 7577.469 Executing VM operation: G1CollectFull
Event: 7577.490 Executing VM operation: G1CollectFull done
Event: 7587.664 Executing VM operation: G1CollectFull
Event: 7587.686 Executing VM operation: G1CollectFull done
Event: 7597.854 Executing VM operation: G1CollectFull
Event: 7597.877 Executing VM operation: G1CollectFull done
Event: 7608.057 Executing VM operation: G1CollectFull
Event: 7608.078 Executing VM operation: G1CollectFull done
Event: 7619.000 Executing VM operation: G1CollectFull
Event: 7619.317 Executing VM operation: G1CollectFull done
Event: 7630.545 Executing VM operation: G1CollectFull
Event: 7630.702 Executing VM operation: G1CollectFull done
Event: 7640.830 Executing VM operation: G1CollectFull

Events (20 events):
Event: 15.518 loading class java/util/concurrent/locks/AbstractQueuedSynchronizer$ExclusiveNode done
Event: 15.523 loading class java/util/concurrent/CompletableFuture$AsyncRun
Event: 15.523 loading class java/util/concurrent/CompletableFuture$AsyncRun done
Event: 15.523 Thread 0x00000230257245a0 Thread added: 0x00000230257245a0
Event: 15.524 loading class java/util/concurrent/ConcurrentHashMap$ValueSpliterator
Event: 15.524 loading class java/util/concurrent/ConcurrentHashMap$ValueSpliterator done
Event: 54.989 loading class java/lang/ProcessBuilder
Event: 54.995 loading class java/lang/ProcessBuilder done
Event: 54.995 loading class java/lang/ProcessImpl
Event: 54.996 loading class java/lang/ProcessImpl done
Event: 55.039 loading class java/lang/ProcessImpl$2
Event: 55.040 loading class java/lang/ProcessImpl$2 done
Event: 55.040 loading class java/lang/Process$PipeInputStream
Event: 55.041 loading class java/lang/Process$PipeInputStream done
Event: 55.042 loading class jdk/internal/event/ProcessStartEvent
Event: 55.045 loading class jdk/internal/event/ProcessStartEvent done
Event: 55.585 loading class java/io/FileOutputStream$1
Event: 55.585 loading class java/io/FileOutputStream$1 done
Event: 4181.790 Thread 0x000002302552f830 Thread added: 0x000002302552f830
Event: 4186.798 Thread 0x000002302552f830 Thread exited: 0x000002302552f830


Dynamic libraries:
0x00007ff6f52d0000 - 0x00007ff6f52de000 	c:\Users\maria\.vscode\extensions\redhat.java-1.29.0-win32-x64\jre\17.0.10-win32-x86_64\bin\java.exe
0x00007ffc5b6b0000 - 0x00007ffc5b8c6000 	C:\WINDOWS\SYSTEM32\ntdll.dll
0x00007ffc5a2c0000 - 0x00007ffc5a384000 	C:\WINDOWS\System32\KERNEL32.DLL
0x00007ffc58d10000 - 0x00007ffc590b7000 	C:\WINDOWS\System32\KERNELBASE.dll
0x00007ffc58b40000 - 0x00007ffc58c51000 	C:\WINDOWS\System32\ucrtbase.dll
0x00007ffc35850000 - 0x00007ffc35867000 	c:\Users\maria\.vscode\extensions\redhat.java-1.29.0-win32-x64\jre\17.0.10-win32-x86_64\bin\jli.dll
0x00007ffc34c20000 - 0x00007ffc34c3b000 	c:\Users\maria\.vscode\extensions\redhat.java-1.29.0-win32-x64\jre\17.0.10-win32-x86_64\bin\VCRUNTIME140.dll
0x00007ffc5a830000 - 0x00007ffc5a9de000 	C:\WINDOWS\System32\USER32.dll
0x00007ffc591f0000 - 0x00007ffc59216000 	C:\WINDOWS\System32\win32u.dll
0x00007ffc5a0e0000 - 0x00007ffc5a109000 	C:\WINDOWS\System32\GDI32.dll
0x00007ffc59220000 - 0x00007ffc59339000 	C:\WINDOWS\System32\gdi32full.dll
0x00007ffc59340000 - 0x00007ffc593da000 	C:\WINDOWS\System32\msvcp_win.dll
0x00007ffc460c0000 - 0x00007ffc46353000 	C:\WINDOWS\WinSxS\amd64_microsoft.windows.common-controls_6595b64144ccf1df_6.0.22621.3235_none_270f74e173860f98\COMCTL32.dll
0x00007ffc5a020000 - 0x00007ffc5a0c7000 	C:\WINDOWS\System32\msvcrt.dll
0x00007ffc59e70000 - 0x00007ffc59ea1000 	C:\WINDOWS\System32\IMM32.DLL
0x00007ffc48a30000 - 0x00007ffc48a3c000 	c:\Users\maria\.vscode\extensions\redhat.java-1.29.0-win32-x64\jre\17.0.10-win32-x86_64\bin\vcruntime140_1.dll
0x00007ffc144e0000 - 0x00007ffc1456d000 	c:\Users\maria\.vscode\extensions\redhat.java-1.29.0-win32-x64\jre\17.0.10-win32-x86_64\bin\msvcp140.dll
0x00007ffbec830000 - 0x00007ffbed492000 	c:\Users\maria\.vscode\extensions\redhat.java-1.29.0-win32-x64\jre\17.0.10-win32-x86_64\bin\server\jvm.dll
0x00007ffc5b240000 - 0x00007ffc5b2f2000 	C:\WINDOWS\System32\ADVAPI32.dll
0x00007ffc59f70000 - 0x00007ffc5a018000 	C:\WINDOWS\System32\sechost.dll
0x00007ffc58c60000 - 0x00007ffc58c88000 	C:\WINDOWS\System32\bcrypt.dll
0x00007ffc5aae0000 - 0x00007ffc5abf5000 	C:\WINDOWS\System32\RPCRT4.dll
0x00007ffc588a0000 - 0x00007ffc588ed000 	C:\WINDOWS\SYSTEM32\POWRPROF.dll
0x00007ffc40d00000 - 0x00007ffc40d09000 	C:\WINDOWS\SYSTEM32\WSOCK32.dll
0x00007ffc5b5f0000 - 0x00007ffc5b661000 	C:\WINDOWS\System32\WS2_32.dll
0x00007ffc501b0000 - 0x00007ffc501e4000 	C:\WINDOWS\SYSTEM32\WINMM.dll
0x00007ffc4aad0000 - 0x00007ffc4aada000 	C:\WINDOWS\SYSTEM32\VERSION.dll
0x00007ffc58880000 - 0x00007ffc58893000 	C:\WINDOWS\SYSTEM32\UMPDC.dll
0x00007ffc57a20000 - 0x00007ffc57a38000 	C:\WINDOWS\SYSTEM32\kernel.appcore.dll
0x00007ffc48820000 - 0x00007ffc4882a000 	c:\Users\maria\.vscode\extensions\redhat.java-1.29.0-win32-x64\jre\17.0.10-win32-x86_64\bin\jimage.dll
0x00007ffc56330000 - 0x00007ffc56563000 	C:\WINDOWS\SYSTEM32\DBGHELP.DLL
0x00007ffc5a4a0000 - 0x00007ffc5a828000 	C:\WINDOWS\System32\combase.dll
0x00007ffc5b320000 - 0x00007ffc5b3f7000 	C:\WINDOWS\System32\OLEAUT32.dll
0x00007ffc408d0000 - 0x00007ffc40902000 	C:\WINDOWS\SYSTEM32\dbgcore.DLL
0x00007ffc58c90000 - 0x00007ffc58d09000 	C:\WINDOWS\System32\bcryptPrimitives.dll
0x00007ffc32690000 - 0x00007ffc326b5000 	c:\Users\maria\.vscode\extensions\redhat.java-1.29.0-win32-x64\jre\17.0.10-win32-x86_64\bin\java.dll
0x00007ffc35b80000 - 0x00007ffc35b98000 	c:\Users\maria\.vscode\extensions\redhat.java-1.29.0-win32-x64\jre\17.0.10-win32-x86_64\bin\zip.dll
0x00007ffc59530000 - 0x00007ffc59d8c000 	C:\WINDOWS\System32\SHELL32.dll
0x00007ffc56950000 - 0x00007ffc57249000 	C:\WINDOWS\SYSTEM32\windows.storage.dll
0x00007ffc56810000 - 0x00007ffc5694e000 	C:\WINDOWS\SYSTEM32\wintypes.dll
0x00007ffc5a9e0000 - 0x00007ffc5aad3000 	C:\WINDOWS\System32\SHCORE.dll
0x00007ffc59e10000 - 0x00007ffc59e6e000 	C:\WINDOWS\System32\shlwapi.dll
0x00007ffc58900000 - 0x00007ffc58921000 	C:\WINDOWS\SYSTEM32\profapi.dll
0x00007ffc34b30000 - 0x00007ffc34b49000 	C:\Users\maria\.vscode\extensions\redhat.java-1.29.0-win32-x64\jre\17.0.10-win32-x86_64\bin\net.dll
0x00007ffc51320000 - 0x00007ffc51456000 	C:\WINDOWS\SYSTEM32\WINHTTP.dll
0x00007ffc57e90000 - 0x00007ffc57ef9000 	C:\WINDOWS\system32\mswsock.dll
0x00007ffc32810000 - 0x00007ffc32826000 	C:\Users\maria\.vscode\extensions\redhat.java-1.29.0-win32-x64\jre\17.0.10-win32-x86_64\bin\nio.dll
0x00007ffc47d00000 - 0x00007ffc47d10000 	c:\Users\maria\.vscode\extensions\redhat.java-1.29.0-win32-x64\jre\17.0.10-win32-x86_64\bin\verify.dll
0x00007ffc580e0000 - 0x00007ffc580fb000 	C:\WINDOWS\SYSTEM32\CRYPTSP.dll
0x00007ffc57980000 - 0x00007ffc579b5000 	C:\WINDOWS\system32\rsaenh.dll
0x00007ffc57f80000 - 0x00007ffc57fa8000 	C:\WINDOWS\SYSTEM32\USERENV.dll
0x00007ffc58100000 - 0x00007ffc5810c000 	C:\WINDOWS\SYSTEM32\CRYPTBASE.dll
0x00007ffc574b0000 - 0x00007ffc574dd000 	C:\WINDOWS\SYSTEM32\IPHLPAPI.DLL
0x00007ffc59f60000 - 0x00007ffc59f69000 	C:\WINDOWS\System32\NSI.dll
0x00007ffc51d00000 - 0x00007ffc51d19000 	C:\WINDOWS\SYSTEM32\dhcpcsvc6.DLL
0x00007ffc50950000 - 0x00007ffc5096f000 	C:\WINDOWS\SYSTEM32\dhcpcsvc.DLL
0x00007ffc57520000 - 0x00007ffc57619000 	C:\WINDOWS\SYSTEM32\DNSAPI.dll
0x00007ffc46090000 - 0x00007ffc46099000 	C:\Users\maria\.vscode\extensions\redhat.java-1.29.0-win32-x64\jre\17.0.10-win32-x86_64\bin\management.dll
0x00007ffc45fa0000 - 0x00007ffc45fab000 	C:\Users\maria\.vscode\extensions\redhat.java-1.29.0-win32-x64\jre\17.0.10-win32-x86_64\bin\management_ext.dll
0x00007ffc5a0d0000 - 0x00007ffc5a0d8000 	C:\WINDOWS\System32\PSAPI.DLL

dbghelp: loaded successfully - version: 4.0.5 - missing functions: none
symbol engine: initialized successfully - sym options: 0x614 - pdb path: .;c:\Users\maria\.vscode\extensions\redhat.java-1.29.0-win32-x64\jre\17.0.10-win32-x86_64\bin;C:\WINDOWS\SYSTEM32;C:\WINDOWS\WinSxS\amd64_microsoft.windows.common-controls_6595b64144ccf1df_6.0.22621.3235_none_270f74e173860f98;c:\Users\maria\.vscode\extensions\redhat.java-1.29.0-win32-x64\jre\17.0.10-win32-x86_64\bin\server

VM Arguments:
jvm_args: -XX:+HeapDumpOnOutOfMemoryError -Xmx1024m -Dsts.lsp.client=vscode -Dsts.log.file=/dev/null -XX:TieredStopAtLevel=1 -Xlog:jni+resolve=off -Dspring.config.location=file:c:\Users\maria\.vscode\extensions\vmware.vscode-spring-boot-1.53.0\language-server\BOOT-INF\classes\application.properties 
java_command: org.springframework.ide.vscode.boot.app.BootLanguageServerBootApp
java_class_path (initial): c:\Users\maria\.vscode\extensions\vmware.vscode-spring-boot-1.53.0\language-server\BOOT-INF\classes;c:\Users\maria\.vscode\extensions\vmware.vscode-spring-boot-1.53.0\language-server\BOOT-INF\lib\annotations-24.1.0.jar;c:\Users\maria\.vscode\extensions\vmware.vscode-spring-boot-1.53.0\language-server\BOOT-INF\lib\antlr4-runtime-4.11.1.jar;c:\Users\maria\.vscode\extensions\vmware.vscode-spring-boot-1.53.0\language-server\BOOT-INF\lib\asm-9.6.jar;c:\Users\maria\.vscode\extensions\vmware.vscode-spring-boot-1.53.0\language-server\BOOT-INF\lib\asm-analysis-9.6.jar;c:\Users\maria\.vscode\extensions\vmware.vscode-spring-boot-1.53.0\language-server\BOOT-INF\lib\asm-tree-9.6.jar;c:\Users\maria\.vscode\extensions\vmware.vscode-spring-boot-1.53.0\language-server\BOOT-INF\lib\asm-util-9.6.jar;c:\Users\maria\.vscode\extensions\vmware.vscode-spring-boot-1.53.0\language-server\BOOT-INF\lib\caffeine-3.1.8.jar;c:\Users\maria\.vscode\extensions\vmware.vscode-spring-boot-1.53.0\language-server\BOOT-INF\lib\checker-qual-3.12.0.jar;c:\Users\maria\.vscode\extensions\vmware.vscode-spring-boot-1.53.0\language-server\BOOT-INF\lib\classgraph-4.8.149.jar;c:\Users\maria\.vscode\extensions\vmware.vscode-spring-boot-1.53.0\language-server\BOOT-INF\lib\commons-codec-1.16.1.jar;c:\Users\maria\.vscode\extensions\vmware.vscode-spring-boot-1.53.0\language-server\BOOT-INF\lib\commons-compress-1.26.0.jar;c:\Users\maria\.vscode\extensions\vmware.vscode-spring-boot-1.53.0\language-server\BOOT-INF\lib\commons-io-2.4.jar;c:\Users\maria\.vscode\extensions\vmware.vscode-spring-boot-1.53.0\language-server\BOOT-INF\lib\commons-java-1.53.0-SNAPSHOT.jar;c:\Users\maria\.vscode\extensions\vmware.vscode-spring-boot-1.53.0\language-server\BOOT-INF\lib\commons-lang3-3.13.0.jar;c:\Users\maria\.vscode\extensions\vmware.vscode-spring-boot-1.53.0\language-server\BOOT-INF\lib\commons-language-server-1.53.0-SNAPSHOT.jar;c:\Users\maria\.vscode\extensions\vmware.vscode-spring-boot-1.53.0\language
Launcher Type: SUN_STANDARD

[Global flags]
     intx CICompilerCount                          = 3                                         {product} {ergonomic}
     uint ConcGCThreads                            = 1                                         {product} {ergonomic}
     uint G1ConcRefinementThreads                  = 4                                         {product} {ergonomic}
   size_t G1HeapRegionSize                         = 1048576                                   {product} {ergonomic}
    uintx GCDrainStackTargetSize                   = 64                                        {product} {ergonomic}
     bool HeapDumpOnOutOfMemoryError               = true                                   {manageable} {command line}
   size_t InitialHeapSize                          = 65011712                                  {product} {ergonomic}
   size_t MarkStackSize                            = 4194304                                   {product} {ergonomic}
   size_t MaxHeapSize                              = 1073741824                                {product} {command line}
   size_t MaxNewSize                               = 643825664                                 {product} {ergonomic}
   size_t MinHeapDeltaBytes                        = 1048576                                   {product} {ergonomic}
   size_t MinHeapSize                              = 8388608                                   {product} {ergonomic}
    uintx NonProfiledCodeHeapSize                  = 0                                      {pd product} {ergonomic}
     bool ProfileInterpreter                       = false                                  {pd product} {command line}
    uintx ProfiledCodeHeapSize                     = 0                                      {pd product} {ergonomic}
   size_t SoftMaxHeapSize                          = 1073741824                             {manageable} {ergonomic}
     intx TieredStopAtLevel                        = 1                                         {product} {command line}
     bool UseCompressedClassPointers               = true                           {product lp64_product} {ergonomic}
     bool UseCompressedOops                        = true                           {product lp64_product} {ergonomic}
     bool UseG1GC                                  = true                                      {product} {ergonomic}
     bool UseLargePagesIndividualAllocation        = false                                  {pd product} {ergonomic}

Logging:
Log output configuration:
 #0: stdout all=warning,jni+resolve=off uptime,level,tags
 #1: stderr all=off uptime,level,tags

Environment Variables:
JAVA_HOME=C:\Program Files\Java\jdk-17.0.1
PATH=C:\Program Files\Common Files\Oracle\Java\javapath;C:\WINDOWS\system32;C:\WINDOWS;C:\WINDOWS\System32\Wbem;C:\WINDOWS\System32\WindowsPowerShell\v1.0\;C:\WINDOWS\System32\OpenSSH\;C:\maven\bin;C:\ProgramData\chocolatey\bin;C:\Program Files\PuTTY\;C:\Program Files\dotnet\;C:\Program Files\Git\cmd;C:\Program Files\nodejs\;C:\Program Files\PostgreSQL\15\bin;C:\Program Files\MySQL\MySQL Shell 8.0\bin\;C:\Users\maria\AppData\Local\Microsoft\WindowsApps;C:\Users\maria\AppData\Local\Programs\Microsoft VS Code\bin;C:\Users\maria\.dotnet\tools;C:\apache-maven-3.9.6\bin;C:\Users\maria\AppData\Roaming\npm;C:\Program Files\PostgreSQL\15\bin;
USERNAME=mariana
OS=Windows_NT
PROCESSOR_IDENTIFIER=Intel64 Family 6 Model 142 Stepping 12, GenuineIntel
TMP=C:\Users\maria\AppData\Local\Temp
TEMP=C:\Users\maria\AppData\Local\Temp



Periodic native trim disabled


---------------  S Y S T E M  ---------------

OS:
 Windows 11 , 64 bit Build 22621 (10.0.22621.3374)
OS uptime: 2 days 23:04 hours

CPU: total 4 (initial active 4) (2 cores per cpu, 2 threads per core) family 6 model 142 stepping 12 microcode 0xf4, cx8, cmov, fxsr, ht, mmx, 3dnowpref, sse, sse2, sse3, ssse3, sse4.1, sse4.2, popcnt, lzcnt, tsc, tscinvbit, avx, avx2, aes, erms, clmul, bmi1, bmi2, adx, fma, vzeroupper, clflush, clflushopt
Processor Information for all 4 processors :
  Max Mhz: 2592, Current Mhz: 2093, Mhz Limit: 2073

Memory: 4k page, system-wide physical 3930M (129M free)
TotalPageFile size 16218M (AvailPageFile size 6M)
current process WorkingSet (physical memory assigned to process): 8M, peak: 130M
current process commit charge ("private bytes"): 183M, peak: 188M

vm_info: OpenJDK 64-Bit Server VM (17.0.10+7) for windows-amd64 JRE (17.0.10+7), built on Jan 16 2024 23:25:11 by "admin" with MS VC++ 16.10 / 16.11 (VS2019)

END.
